<?xml version="1.0" encoding="UTF-8"?>
<!-- Generated by org.testng.reporters.JUnitReportReporter -->
<testsuite hostname="LAPTOP-QMGPGMLP" failures="0" tests="3" name="comcastorgtest.OrgTest1" time="0.011" errors="0" timestamp="2021-09-23T14:24:28 IST" skipped="0">
  <testcase classname="comcastorgtest.OrgTest1" name="OrgWithContactTest" time="0.009"/>
  <system-out/>
  <testcase classname="comcastorgtest.OrgTest1" name="deleteOrgTest" time="0.001"/>
  <system-out/>
  <testcase classname="comcastorgtest.OrgTest1" name="createOrgTest" time="0.001"/>
  <system-out/>
</testsuite> <!-- comcastorgtest.OrgTest1 -->
