<?xml version="1.0" encoding="UTF-8"?>
<!-- Generated by org.testng.reporters.JUnitReportReporter -->
<testsuite hostname="LAPTOP-QMGPGMLP" failures="0" tests="3" name="com.castseleniumframework.ContactTest1" time="0.016" errors="0" timestamp="2021-09-23T14:24:40 IST" skipped="0">
  <testcase classname="com.castseleniumframework.ContactTest1" name="createContactTest" time="0.012"/>
  <system-out/>
  <testcase classname="com.castseleniumframework.ContactTest1" name="createContactWithOrgTest" time="0.002"/>
  <system-out/>
  <testcase classname="com.castseleniumframework.ContactTest1" name="deleteContactTest" time="0.002"/>
  <system-out/>
</testsuite> <!-- com.castseleniumframework.ContactTest1 -->
